mode: atomic
github.com/golang-auth/go-gssapi/v3/ctxflags.go:21.49,23.26 2 2
github.com/golang-auth/go-gssapi/v3/ctxflags.go:23.26,24.15 1 64
github.com/golang-auth/go-gssapi/v3/ctxflags.go:24.15,26.4 1 6
github.com/golang-auth/go-gssapi/v3/ctxflags.go:28.3,28.10 1 64
github.com/golang-auth/go-gssapi/v3/ctxflags.go:31.2,31.8 1 2
github.com/golang-auth/go-gssapi/v3/ctxflags.go:35.37,36.11 1 5
github.com/golang-auth/go-gssapi/v3/ctxflags.go:37.24,38.22 1 2
github.com/golang-auth/go-gssapi/v3/ctxflags.go:39.25,40.33 1 1
github.com/golang-auth/go-gssapi/v3/ctxflags.go:41.25,42.36 1 0
github.com/golang-auth/go-gssapi/v3/ctxflags.go:43.27,44.45 1 0
github.com/golang-auth/go-gssapi/v3/ctxflags.go:45.23,46.27 1 1
github.com/golang-auth/go-gssapi/v3/ctxflags.go:47.24,48.21 1 1
github.com/golang-auth/go-gssapi/v3/ctxflags.go:49.23,50.21 1 0
github.com/golang-auth/go-gssapi/v3/ctxflags.go:53.2,53.18 1 0
github.com/golang-auth/go-gssapi/v3/ctxflags.go:56.38,58.35 2 1
github.com/golang-auth/go-gssapi/v3/ctxflags.go:58.35,60.3 1 3
github.com/golang-auth/go-gssapi/v3/ctxflags.go:62.2,62.34 1 1
github.com/golang-auth/go-gssapi/v3/mechs.go:28.35,29.28 1 2
github.com/golang-auth/go-gssapi/v3/mechs.go:29.28,30.20 1 1
github.com/golang-auth/go-gssapi/v3/mechs.go:33.2,33.24 1 1
github.com/golang-auth/go-gssapi/v3/mechs.go:36.44,37.28 1 3
github.com/golang-auth/go-gssapi/v3/mechs.go:37.28,38.20 1 2
github.com/golang-auth/go-gssapi/v3/mechs.go:41.2,41.30 1 1
github.com/golang-auth/go-gssapi/v3/mechs.go:44.41,45.28 1 1
github.com/golang-auth/go-gssapi/v3/mechs.go:45.28,46.20 1 0
github.com/golang-auth/go-gssapi/v3/mechs.go:49.2,49.25 1 1
github.com/golang-auth/go-gssapi/v3/mechs.go:52.48,53.29 1 4
github.com/golang-auth/go-gssapi/v3/mechs.go:53.29,54.34 1 15
github.com/golang-auth/go-gssapi/v3/mechs.go:54.34,56.4 1 1
github.com/golang-auth/go-gssapi/v3/mechs.go:58.3,58.36 1 14
github.com/golang-auth/go-gssapi/v3/mechs.go:58.36,59.30 1 8
github.com/golang-auth/go-gssapi/v3/mechs.go:59.30,61.5 1 1
github.com/golang-auth/go-gssapi/v3/mechs.go:65.2,65.22 1 2
github.com/golang-auth/go-gssapi/v3/names.go:65.33,66.32 1 4
github.com/golang-auth/go-gssapi/v3/names.go:66.32,67.24 1 1
github.com/golang-auth/go-gssapi/v3/names.go:70.2,70.26 1 3
github.com/golang-auth/go-gssapi/v3/names.go:73.42,74.32 1 4
github.com/golang-auth/go-gssapi/v3/names.go:74.32,75.24 1 1
github.com/golang-auth/go-gssapi/v3/names.go:78.2,78.32 1 3
github.com/golang-auth/go-gssapi/v3/names.go:81.39,82.32 1 4
github.com/golang-auth/go-gssapi/v3/names.go:82.32,83.24 1 1
github.com/golang-auth/go-gssapi/v3/names.go:86.2,86.27 1 3
github.com/golang-auth/go-gssapi/v3/names.go:89.48,90.31 1 4
github.com/golang-auth/go-gssapi/v3/names.go:90.31,91.32 1 23
github.com/golang-auth/go-gssapi/v3/names.go:91.32,93.4 1 2
github.com/golang-auth/go-gssapi/v3/names.go:95.3,95.34 1 21
github.com/golang-auth/go-gssapi/v3/names.go:95.34,96.30 1 5
github.com/golang-auth/go-gssapi/v3/names.go:96.30,98.5 1 1
github.com/golang-auth/go-gssapi/v3/names.go:102.2,102.26 1 1
github.com/golang-auth/go-gssapi/v3/provider.go:14.13,16.2 1 1
github.com/golang-auth/go-gssapi/v3/provider.go:20.55,25.2 3 0
github.com/golang-auth/go-gssapi/v3/provider.go:27.40,31.16 3 0
github.com/golang-auth/go-gssapi/v3/provider.go:31.16,32.39 1 0
github.com/golang-auth/go-gssapi/v3/provider.go:35.2,36.9 2 0
github.com/golang-auth/go-gssapi/v3/provider.go:36.9,37.45 1 0
github.com/golang-auth/go-gssapi/v3/provider.go:40.2,40.12 1 0
github.com/golang-auth/go-gssapi/v3/provider.go:54.68,55.40 1 0
github.com/golang-auth/go-gssapi/v3/provider.go:55.40,57.3 1 0
github.com/golang-auth/go-gssapi/v3/provider.go:60.58,61.40 1 0
github.com/golang-auth/go-gssapi/v3/provider.go:61.40,63.3 1 0
github.com/golang-auth/go-gssapi/v3/provider.go:66.65,67.40 1 0
github.com/golang-auth/go-gssapi/v3/provider.go:67.40,69.3 1 0
github.com/golang-auth/go-gssapi/v3/provider.go:72.69,73.40 1 0
github.com/golang-auth/go-gssapi/v3/provider.go:73.40,75.3 1 0
github.com/golang-auth/go-gssapi/v3/status.go:91.36,92.26 1 5
github.com/golang-auth/go-gssapi/v3/status.go:93.10,94.22 1 0
github.com/golang-auth/go-gssapi/v3/status.go:95.18,96.20 1 5
github.com/golang-auth/go-gssapi/v3/status.go:97.18,98.20 1 0
github.com/golang-auth/go-gssapi/v3/status.go:99.22,100.24 1 0
github.com/golang-auth/go-gssapi/v3/status.go:101.22,102.24 1 0
github.com/golang-auth/go-gssapi/v3/status.go:103.20,104.22 1 0
github.com/golang-auth/go-gssapi/v3/status.go:105.17,106.19 1 0
github.com/golang-auth/go-gssapi/v3/status.go:107.17,108.19 1 0
github.com/golang-auth/go-gssapi/v3/status.go:109.20,110.22 1 0
github.com/golang-auth/go-gssapi/v3/status.go:111.25,112.27 1 0
github.com/golang-auth/go-gssapi/v3/status.go:113.30,114.32 1 0
github.com/golang-auth/go-gssapi/v3/status.go:115.29,116.31 1 0
github.com/golang-auth/go-gssapi/v3/status.go:117.26,118.27 1 0
github.com/golang-auth/go-gssapi/v3/status.go:119.18,120.20 1 0
github.com/golang-auth/go-gssapi/v3/status.go:121.17,122.19 1 0
github.com/golang-auth/go-gssapi/v3/status.go:123.23,124.25 1 0
github.com/golang-auth/go-gssapi/v3/status.go:125.22,126.24 1 0
github.com/golang-auth/go-gssapi/v3/status.go:127.27,128.29 1 0
github.com/golang-auth/go-gssapi/v3/status.go:129.20,130.22 1 0
github.com/golang-auth/go-gssapi/v3/status.go:134.38,137.46 2 10
github.com/golang-auth/go-gssapi/v3/status.go:137.46,139.3 1 0
github.com/golang-auth/go-gssapi/v3/status.go:140.2,140.46 1 10
github.com/golang-auth/go-gssapi/v3/status.go:140.46,142.3 1 10
github.com/golang-auth/go-gssapi/v3/status.go:143.2,143.40 1 10
github.com/golang-auth/go-gssapi/v3/status.go:143.40,145.3 1 0
github.com/golang-auth/go-gssapi/v3/status.go:146.2,146.42 1 10
github.com/golang-auth/go-gssapi/v3/status.go:146.42,148.3 1 0
github.com/golang-auth/go-gssapi/v3/status.go:149.2,149.40 1 10
github.com/golang-auth/go-gssapi/v3/status.go:149.40,151.3 1 10
github.com/golang-auth/go-gssapi/v3/status.go:153.2,153.12 1 10
github.com/golang-auth/go-gssapi/v3/status.go:156.36,161.31 4 2
github.com/golang-auth/go-gssapi/v3/status.go:161.31,163.3 1 4
github.com/golang-auth/go-gssapi/v3/status.go:165.2,167.12 2 2
github.com/golang-auth/go-gssapi/v3/status.go:170.39,173.34 2 4
github.com/golang-auth/go-gssapi/v3/status.go:173.34,175.3 1 4
github.com/golang-auth/go-gssapi/v3/status.go:177.2,179.12 2 4
github.com/golang-auth/go-gssapi/v3/status.go:182.37,185.34 2 1
github.com/golang-auth/go-gssapi/v3/status.go:185.34,189.54 2 1
github.com/golang-auth/go-gssapi/v3/status.go:189.54,191.4 1 1
github.com/golang-auth/go-gssapi/v3/status.go:194.2,194.25 1 1
github.com/golang-auth/go-gssapi/v3/status.go:194.25,196.34 2 0
github.com/golang-auth/go-gssapi/v3/status.go:196.34,198.4 1 0
github.com/golang-auth/go-gssapi/v3/status.go:199.3,199.54 1 0
github.com/golang-auth/go-gssapi/v3/status.go:202.2,203.20 2 1
github.com/golang-auth/go-gssapi/v3/status.go:203.20,205.3 1 1
github.com/golang-auth/go-gssapi/v3/status.go:207.2,207.35 1 1
